current directory: /home/ataik/workspace/.bundle/ruby/3.1.0/gems/websocket-driver-0.8.0/ext/websocket-driver
/home/ataik/.rbenv/versions/3.1.4/bin/ruby -I /home/ataik/.rbenv/versions/3.1.4/lib/ruby/3.1.0 extconf.rb
creating Makefile

current directory: /home/ataik/workspace/.bundle/ruby/3.1.0/gems/websocket-driver-0.8.0/ext/websocket-driver
make DESTDIR\= sitearchdir\=./.gem.20251031-210930-s0dtpe sitelibdir\=./.gem.20251031-210930-s0dtpe clean

current directory: /home/ataik/workspace/.bundle/ruby/3.1.0/gems/websocket-driver-0.8.0/ext/websocket-driver
make DESTDIR\= sitearchdir\=./.gem.20251031-210930-s0dtpe sitelibdir\=./.gem.20251031-210930-s0dtpe
compiling websocket_mask.c
websocket_mask.c: In function ‘Init_websocket_mask’:
websocket_mask.c:26:6: warning: old-style function definition [-Wold-style-definition]
   26 | void Init_websocket_mask()
      |      ^~~~~~~~~~~~~~~~~~~
At top level:
cc1: note: unrecognized command-line option ‘-Wno-self-assign’ may have been intended to silence earlier diagnostics
cc1: note: unrecognized command-line option ‘-Wno-parentheses-equality’ may have been intended to silence earlier diagnostics
cc1: note: unrecognized command-line option ‘-Wno-constant-logical-operand’ may have been intended to silence earlier diagnostics
linking shared-object websocket_mask.so

current directory: /home/ataik/workspace/.bundle/ruby/3.1.0/gems/websocket-driver-0.8.0/ext/websocket-driver
make DESTDIR\= sitearchdir\=./.gem.20251031-210930-s0dtpe sitelibdir\=./.gem.20251031-210930-s0dtpe install
/usr/bin/install -c -m 0755 websocket_mask.so ./.gem.20251031-210930-s0dtpe
