current directory: /home/ataik/workspace/.bundle/ruby/3.1.0/gems/psych-5.2.6/ext/psych
/home/ataik/.rbenv/versions/3.1.4/bin/ruby -I /home/ataik/.rbenv/versions/3.1.4/lib/ruby/3.1.0 extconf.rb
checking for yaml.h... yes
checking for yaml_get_version() in -lyaml... yes
creating Makefile

current directory: /home/ataik/workspace/.bundle/ruby/3.1.0/gems/psych-5.2.6/ext/psych
make DESTDIR\= sitearchdir\=./.gem.20251031-211599-q20z1u sitelibdir\=./.gem.20251031-211599-q20z1u clean
cd libyaml && make clean
/bin/sh: 1: cd: can't cd to libyaml
make: [Makefile:282: clean-so] Error 2 (ignored)

current directory: /home/ataik/workspace/.bundle/ruby/3.1.0/gems/psych-5.2.6/ext/psych
make DESTDIR\= sitearchdir\=./.gem.20251031-211599-q20z1u sitelibdir\=./.gem.20251031-211599-q20z1u
compiling psych.c
compiling psych_emitter.c
compiling psych_parser.c
compiling psych_to_ruby.c
compiling psych_yaml_tree.c
linking shared-object psych.so

current directory: /home/ataik/workspace/.bundle/ruby/3.1.0/gems/psych-5.2.6/ext/psych
make DESTDIR\= sitearchdir\=./.gem.20251031-211599-q20z1u sitelibdir\=./.gem.20251031-211599-q20z1u install
/usr/bin/install -c -m 0755 psych.so ./.gem.20251031-211599-q20z1u
