current directory: /home/ataik/workspace/.bundle/ruby/3.1.0/gems/rbs-3.9.5/ext/rbs_extension
/home/ataik/.rbenv/versions/3.1.4/bin/ruby -I /home/ataik/.rbenv/versions/3.1.4/lib/ruby/3.1.0 extconf.rb
checking for whether -std=gnu99 is accepted as CFLAGS... yes
creating Makefile

current directory: /home/ataik/workspace/.bundle/ruby/3.1.0/gems/rbs-3.9.5/ext/rbs_extension
make DESTDIR\= sitearchdir\=./.gem.20251031-211599-a3mfhw sitelibdir\=./.gem.20251031-211599-a3mfhw clean

current directory: /home/ataik/workspace/.bundle/ruby/3.1.0/gems/rbs-3.9.5/ext/rbs_extension
make DESTDIR\= sitearchdir\=./.gem.20251031-211599-a3mfhw sitelibdir\=./.gem.20251031-211599-a3mfhw
compiling ./../../src/constants.c
compiling ./../../src/ruby_objs.c
compiling ./../../src/util/rbs_constant_pool.c
compiling lexer.c
compiling lexstate.c
compiling location.c
compiling main.c
compiling parser.c
compiling parserstate.c
compiling unescape.c
linking shared-object rbs_extension.so

current directory: /home/ataik/workspace/.bundle/ruby/3.1.0/gems/rbs-3.9.5/ext/rbs_extension
make DESTDIR\= sitearchdir\=./.gem.20251031-211599-a3mfhw sitelibdir\=./.gem.20251031-211599-a3mfhw install
/usr/bin/install -c -m 0755 rbs_extension.so ./.gem.20251031-211599-a3mfhw
